This is pdfTeX, Version 3.141592653-2.6-1.40.26 (TeX Live 2024) (preloaded format=pdflatex 2024.7.2)  8 JUL 2024 10:01
entering extended mode
 restricted \write18 enabled.
 %&-line parsing enabled.
**musica_generativa.tex
(./musica_generativa.tex
LaTeX2e <2023-11-01> patch level 1
L3 programming layer <2024-02-20>
(/usr/local/texlive/2024/texmf-dist/tex/latex/base/report.cls
Document Class: report 2023/05/17 v1.4n Standard LaTeX document class
(/usr/local/texlive/2024/texmf-dist/tex/latex/base/size12.clo
File: size12.clo 2023/05/17 v1.4n Standard LaTeX file (size option)
)
\c@part=\count188
\c@chapter=\count189
\c@section=\count190
\c@subsection=\count191
\c@subsubsection=\count192
\c@paragraph=\count193
\c@subparagraph=\count194
\c@figure=\count195
\c@table=\count196
\abovecaptionskip=\skip48
\belowcaptionskip=\skip49
\bibindent=\dimen140
)
(/usr/local/texlive/2024/texmf-dist/tex/latex/base/inputenc.sty
Package: inputenc 2021/02/14 v1.3d Input encoding file
\inpenc@prehook=\toks17
\inpenc@posthook=\toks18
)
(/usr/local/texlive/2024/texmf-dist/tex/latex/graphics/graphicx.sty
Package: graphicx 2021/09/16 v1.2d Enhanced LaTeX Graphics (DPC,SPQR)

(/usr/local/texlive/2024/texmf-dist/tex/latex/graphics/keyval.sty
Package: keyval 2022/05/29 v1.15 key=value parser (DPC)
\KV@toks@=\toks19
)
(/usr/local/texlive/2024/texmf-dist/tex/latex/graphics/graphics.sty
Package: graphics 2022/03/10 v1.4e Standard LaTeX Graphics (DPC,SPQR)

(/usr/local/texlive/2024/texmf-dist/tex/latex/graphics/trig.sty
Package: trig 2021/08/11 v1.11 sin cos tan (DPC)
)
(/usr/local/texlive/2024/texmf-dist/tex/latex/graphics-cfg/graphics.cfg
File: graphics.cfg 2016/06/04 v1.11 sample graphics configuration
)
Package graphics Info: Driver file: pdftex.def on input line 107.

(/usr/local/texlive/2024/texmf-dist/tex/latex/graphics-def/pdftex.def
File: pdftex.def 2022/09/22 v1.2b Graphics/color driver for pdftex
))
\Gin@req@height=\dimen141
\Gin@req@width=\dimen142
)
(/usr/local/texlive/2024/texmf-dist/tex/latex/cite/cite.sty
LaTeX Info: Redefining \cite on input line 302.
LaTeX Info: Redefining \nocite on input line 332.
Package: cite 2015/02/27  v 5.5
)
(/usr/local/texlive/2024/texmf-dist/tex/latex/listings/listings.sty
\lst@mode=\count197
\lst@gtempboxa=\box51
\lst@token=\toks20
\lst@length=\count198
\lst@currlwidth=\dimen143
\lst@column=\count199
\lst@pos=\count266
\lst@lostspace=\dimen144
\lst@width=\dimen145
\lst@newlines=\count267
\lst@lineno=\count268
\lst@maxwidth=\dimen146

(/usr/local/texlive/2024/texmf-dist/tex/latex/listings/lstpatch.sty
File: lstpatch.sty 2024/02/21 1.10 (Carsten Heinz)
)
(/usr/local/texlive/2024/texmf-dist/tex/latex/listings/lstmisc.sty
File: lstmisc.sty 2024/02/21 1.10 (Carsten Heinz)
\c@lstnumber=\count269
\lst@skipnumbers=\count270
\lst@framebox=\box52
)
(/usr/local/texlive/2024/texmf-dist/tex/latex/listings/listings.cfg
File: listings.cfg 2024/02/21 1.10 listings configuration
))
Package: listings 2024/02/21 1.10 (Carsten Heinz)

(/usr/local/texlive/2024/texmf-dist/tex/latex/xcolor/xcolor.sty
Package: xcolor 2023/11/15 v3.01 LaTeX color extensions (UK)

(/usr/local/texlive/2024/texmf-dist/tex/latex/graphics-cfg/color.cfg
File: color.cfg 2016/01/02 v1.6 sample color configuration
)
Package xcolor Info: Driver file: pdftex.def on input line 274.

(/usr/local/texlive/2024/texmf-dist/tex/latex/graphics/mathcolor.ltx)
Package xcolor Info: Model `cmy' substituted by `cmy0' on input line 1350.
Package xcolor Info: Model `hsb' substituted by `rgb' on input line 1354.
Package xcolor Info: Model `RGB' extended on input line 1366.
Package xcolor Info: Model `HTML' substituted by `rgb' on input line 1368.
Package xcolor Info: Model `Hsb' substituted by `hsb' on input line 1369.
Package xcolor Info: Model `tHsb' substituted by `hsb' on input line 1370.
Package xcolor Info: Model `HSB' substituted by `hsb' on input line 1371.
Package xcolor Info: Model `Gray' substituted by `gray' on input line 1372.
Package xcolor Info: Model `wave' substituted by `hsb' on input line 1373.
)
(/usr/local/texlive/2024/texmf-dist/tex/latex/hyperref/hyperref.sty
Package: hyperref 2024-01-20 v7.01h Hypertext links for LaTeX

(/usr/local/texlive/2024/texmf-dist/tex/generic/iftex/iftex.sty
Package: iftex 2022/02/03 v1.0f TeX engine tests
)
(/usr/local/texlive/2024/texmf-dist/tex/latex/kvsetkeys/kvsetkeys.sty
Package: kvsetkeys 2022-10-05 v1.19 Key value parser (HO)
)
(/usr/local/texlive/2024/texmf-dist/tex/generic/kvdefinekeys/kvdefinekeys.sty
Package: kvdefinekeys 2019-12-19 v1.6 Define keys (HO)
)
(/usr/local/texlive/2024/texmf-dist/tex/generic/pdfescape/pdfescape.sty
Package: pdfescape 2019/12/09 v1.15 Implements pdfTeX's escape features (HO)

(/usr/local/texlive/2024/texmf-dist/tex/generic/ltxcmds/ltxcmds.sty
Package: ltxcmds 2023-12-04 v1.26 LaTeX kernel commands for general use (HO)
)
(/usr/local/texlive/2024/texmf-dist/tex/generic/pdftexcmds/pdftexcmds.sty
Package: pdftexcmds 2020-06-27 v0.33 Utility functions of pdfTeX for LuaTeX (HO
)

(/usr/local/texlive/2024/texmf-dist/tex/generic/infwarerr/infwarerr.sty
Package: infwarerr 2019/12/03 v1.5 Providing info/warning/error messages (HO)
)
Package pdftexcmds Info: \pdf@primitive is available.
Package pdftexcmds Info: \pdf@ifprimitive is available.
Package pdftexcmds Info: \pdfdraftmode found.
))
(/usr/local/texlive/2024/texmf-dist/tex/latex/hycolor/hycolor.sty
Package: hycolor 2020-01-27 v1.10 Color options for hyperref/bookmark (HO)
)
(/usr/local/texlive/2024/texmf-dist/tex/latex/auxhook/auxhook.sty
Package: auxhook 2019-12-17 v1.6 Hooks for auxiliary files (HO)
)
(/usr/local/texlive/2024/texmf-dist/tex/latex/hyperref/nameref.sty
Package: nameref 2023-11-26 v2.56 Cross-referencing by name of section

(/usr/local/texlive/2024/texmf-dist/tex/latex/refcount/refcount.sty
Package: refcount 2019/12/15 v3.6 Data extraction from label references (HO)
)
(/usr/local/texlive/2024/texmf-dist/tex/generic/gettitlestring/gettitlestring.s
ty
Package: gettitlestring 2019/12/15 v1.6 Cleanup title references (HO)
 (/usr/local/texlive/2024/texmf-dist/tex/latex/kvoptions/kvoptions.sty
Package: kvoptions 2022-06-15 v3.15 Key value format for package options (HO)
))
\c@section@level=\count271
)
(/usr/local/texlive/2024/texmf-dist/tex/latex/etoolbox/etoolbox.sty
Package: etoolbox 2020/10/05 v2.5k e-TeX tools for LaTeX (JAW)
\etb@tempcnta=\count272
)
\@linkdim=\dimen147
\Hy@linkcounter=\count273
\Hy@pagecounter=\count274

(/usr/local/texlive/2024/texmf-dist/tex/latex/hyperref/pd1enc.def
File: pd1enc.def 2024-01-20 v7.01h Hyperref: PDFDocEncoding definition (HO)
Now handling font encoding PD1 ...
... no UTF-8 mapping file for font encoding PD1
)
(/usr/local/texlive/2024/texmf-dist/tex/generic/intcalc/intcalc.sty
Package: intcalc 2019/12/15 v1.3 Expandable calculations with integers (HO)
)
\Hy@SavedSpaceFactor=\count275

(/usr/local/texlive/2024/texmf-dist/tex/latex/hyperref/puenc.def
File: puenc.def 2024-01-20 v7.01h Hyperref: PDF Unicode definition (HO)
Now handling font encoding PU ...
... no UTF-8 mapping file for font encoding PU
)
Package hyperref Info: Hyper figures OFF on input line 4179.
Package hyperref Info: Link nesting OFF on input line 4184.
Package hyperref Info: Hyper index ON on input line 4187.
Package hyperref Info: Plain pages OFF on input line 4194.
Package hyperref Info: Backreferencing OFF on input line 4199.
Package hyperref Info: Implicit mode ON; LaTeX internals redefined.
Package hyperref Info: Bookmarks ON on input line 4446.
\c@Hy@tempcnt=\count276

(/usr/local/texlive/2024/texmf-dist/tex/latex/url/url.sty
\Urlmuskip=\muskip16
Package: url 2013/09/16  ver 3.4  Verb mode for urls, etc.
)
LaTeX Info: Redefining \url on input line 4784.
\XeTeXLinkMargin=\dimen148

(/usr/local/texlive/2024/texmf-dist/tex/generic/bitset/bitset.sty
Package: bitset 2019/12/09 v1.3 Handle bit-vector datatype (HO)

(/usr/local/texlive/2024/texmf-dist/tex/generic/bigintcalc/bigintcalc.sty
Package: bigintcalc 2019/12/15 v1.5 Expandable calculations on big integers (HO
)
))
\Fld@menulength=\count277
\Field@Width=\dimen149
\Fld@charsize=\dimen150
Package hyperref Info: Hyper figures OFF on input line 6063.
Package hyperref Info: Link nesting OFF on input line 6068.
Package hyperref Info: Hyper index ON on input line 6071.
Package hyperref Info: backreferencing OFF on input line 6078.
Package hyperref Info: Link coloring OFF on input line 6083.
Package hyperref Info: Link coloring with OCG OFF on input line 6088.
Package hyperref Info: PDF/A mode OFF on input line 6093.

(/usr/local/texlive/2024/texmf-dist/tex/latex/base/atbegshi-ltx.sty
Package: atbegshi-ltx 2021/01/10 v1.0c Emulation of the original atbegshi
package with kernel methods
)
\Hy@abspage=\count278
\c@Item=\count279
\c@Hfootnote=\count280
)
Package hyperref Info: Driver (autodetected): hpdftex.

(/usr/local/texlive/2024/texmf-dist/tex/latex/hyperref/hpdftex.def
File: hpdftex.def 2024-01-20 v7.01h Hyperref driver for pdfTeX

(/usr/local/texlive/2024/texmf-dist/tex/latex/base/atveryend-ltx.sty
Package: atveryend-ltx 2020/08/19 v1.0a Emulation of the original atveryend pac
kage
with kernel methods
)
\Fld@listcount=\count281
\c@bookmark@seq@number=\count282

(/usr/local/texlive/2024/texmf-dist/tex/latex/rerunfilecheck/rerunfilecheck.sty
Package: rerunfilecheck 2022-07-10 v1.10 Rerun checks for auxiliary files (HO)

(/usr/local/texlive/2024/texmf-dist/tex/generic/uniquecounter/uniquecounter.sty
Package: uniquecounter 2019/12/15 v1.4 Provide unlimited unique counter (HO)
)
Package uniquecounter Info: New unique counter `rerunfilecheck' on input line 2
85.
)
\Hy@SectionHShift=\skip50
) (/usr/local/texlive/2024/texmf-dist/tex/latex/float/float.sty
Package: float 2001/11/08 v1.3d Float enhancements (AL)
\c@float@type=\count283
\float@exts=\toks21
\float@box=\box53
\@float@everytoks=\toks22
\@floatcapt=\box54
)
(/usr/local/texlive/2024/texmf-dist/tex/latex/l3backend/l3backend-pdftex.def
File: l3backend-pdftex.def 2024-02-20 L3 backend support: PDF output (pdfTeX)
\l__color_backend_stack_int=\count284
\l__pdf_internal_box=\box55
)
(./musica_generativa.aux

LaTeX Warning: Label `fig:immagine' multiply defined.


LaTeX Warning: Label `fig:immagine' multiply defined.


LaTeX Warning: Label `fig:immagine' multiply defined.


LaTeX Warning: Label `fig:immagine' multiply defined.


LaTeX Warning: Label `fig:immagine' multiply defined.


LaTeX Warning: Label `fig:immagine' multiply defined.


LaTeX Warning: Label `fig:immagine' multiply defined.


LaTeX Warning: Label `fig:immagine' multiply defined.


LaTeX Warning: Label `fig:immagine' multiply defined.


LaTeX Warning: Label `fig:immagine' multiply defined.

)
\openout1 = `musica_generativa.aux'.

LaTeX Font Info:    Checking defaults for OML/cmm/m/it on input line 42.
LaTeX Font Info:    ... okay on input line 42.
LaTeX Font Info:    Checking defaults for OMS/cmsy/m/n on input line 42.
LaTeX Font Info:    ... okay on input line 42.
LaTeX Font Info:    Checking defaults for OT1/cmr/m/n on input line 42.
LaTeX Font Info:    ... okay on input line 42.
LaTeX Font Info:    Checking defaults for T1/cmr/m/n on input line 42.
LaTeX Font Info:    ... okay on input line 42.
LaTeX Font Info:    Checking defaults for TS1/cmr/m/n on input line 42.
LaTeX Font Info:    ... okay on input line 42.
LaTeX Font Info:    Checking defaults for OMX/cmex/m/n on input line 42.
LaTeX Font Info:    ... okay on input line 42.
LaTeX Font Info:    Checking defaults for U/cmr/m/n on input line 42.
LaTeX Font Info:    ... okay on input line 42.
LaTeX Font Info:    Checking defaults for PD1/pdf/m/n on input line 42.
LaTeX Font Info:    ... okay on input line 42.
LaTeX Font Info:    Checking defaults for PU/pdf/m/n on input line 42.
LaTeX Font Info:    ... okay on input line 42.
 (/usr/local/texlive/2024/texmf-dist/tex/context/base/mkii/supp-pdf.mkii
[Loading MPS to PDF converter (version 2006.09.02).]
\scratchcounter=\count285
\scratchdimen=\dimen151
\scratchbox=\box56
\nofMPsegments=\count286
\nofMParguments=\count287
\everyMPshowfont=\toks23
\MPscratchCnt=\count288
\MPscratchDim=\dimen152
\MPnumerator=\count289
\makeMPintoPDFobject=\count290
\everyMPtoPDFconversion=\toks24
) (/usr/local/texlive/2024/texmf-dist/tex/latex/epstopdf-pkg/epstopdf-base.sty
Package: epstopdf-base 2020-01-24 v2.11 Base part for package epstopdf
Package epstopdf-base Info: Redefining graphics rule for `.eps' on input line 4
85.

(/usr/local/texlive/2024/texmf-dist/tex/latex/latexconfig/epstopdf-sys.cfg
File: epstopdf-sys.cfg 2010/07/13 v1.3 Configuration of (r)epstopdf for TeX Liv
e
))
\c@lstlisting=\count291
Package hyperref Info: Link coloring OFF on input line 42.

(./musica_generativa.out) (./musica_generativa.out)
\@outlinefile=\write3
\openout3 = `musica_generativa.out'.

<units_sigillo.png, id=120, 282.30469pt x 282.30469pt>
File: units_sigillo.png Graphic file (type png)
<use units_sigillo.png>
Package pdftex.def Info: units_sigillo.png  used on input line 47.
(pdftex.def)             Requested size: 58.49762pt x 58.49744pt.

! Undefined control sequence.
l.59         \HRule
                    \\[0.4cm]
? si
OK, entering \scrollmode...

! LaTeX Error: There's no line here to end.

See the LaTeX manual or LaTeX Companion for explanation.
Type  H <return>  for immediate help.
 ...                                              
                                                  
l.59         \HRule \\
                      [0.4cm]
Your command was ignored.
Type  I <command> <return>  to replace it with another command,
or  <return>  to continue without it.

! Undefined control sequence.
l.61         \HRule
                    \\[1.5cm]
The control sequence at the end of the top line
of your error message was never \def'ed. If you have
misspelled it (e.g., `\hobx'), type `I' and the correct
spelling (e.g., `I\hbox'). Otherwise just continue,
and I'll forget about whatever was undefined.


! LaTeX Error: There's no line here to end.

See the LaTeX manual or LaTeX Companion for explanation.
Type  H <return>  for immediate help.
 ...                                              
                                                  
l.61         \HRule \\
                      [1.5cm]
Your command was ignored.
Type  I <command> <return>  to replace it with another command,
or  <return>  to continue without it.

LaTeX Font Info:    External font `cmex10' loaded for size
(Font)              <12> on input line 70.
LaTeX Font Info:    External font `cmex10' loaded for size
(Font)              <8> on input line 70.
LaTeX Font Info:    External font `cmex10' loaded for size
(Font)              <6> on input line 70.
[1

{/usr/local/texlive/2024/texmf-var/fonts/map/pdftex/updmap/pdftex.map} <./units
_sigillo.png>] (./musica_generativa.toc
pdfTeX warning (ext4): destination with the same identifier (name{page.1}) has 
been already used, duplicate ignored
<to be read again> 
                   \relax 
l.28 ...numberline {B}Appendice B}{33}{appendix.B}
                                                  % [1

])
\tf@toc=\write4
\openout4 = `musica_generativa.toc'.

 [2]
Chapter 1.

Underfull \hbox (badness 10000) in paragraph at lines 97--98

 []


Underfull \hbox (badness 10000) in paragraph at lines 99--102

 []


Underfull \hbox (badness 10000) in paragraph at lines 103--124

 []


Underfull \hbox (badness 10000) in paragraph at lines 103--124

 []


Underfull \hbox (badness 10000) in paragraph at lines 103--124

 []


Underfull \hbox (badness 10000) in paragraph at lines 103--124

 []


Underfull \hbox (badness 10000) in paragraph at lines 103--124

 []


Underfull \hbox (badness 10000) in paragraph at lines 103--124

 []


Underfull \hbox (badness 10000) in paragraph at lines 103--124

 []


Underfull \hbox (badness 10000) in paragraph at lines 103--124

 []

[3

] [4]
Chapter 2.
</Users/leonardoangellotti/Desktop/tesi latex/immagini/markov1.png, id=194, 690
.58pt x 58.2175pt>
File: /Users/leonardoangellotti/Desktop/tesi latex/immagini/markov1.png Graphic
 file (type png)
<use /Users/leonardoangellotti/Desktop/tesi latex/immagini/markov1.png>
Package pdftex.def Info: /Users/leonardoangellotti/Desktop/tesi latex/immagini/
markov1.png  used on input line 144.
(pdftex.def)             Requested size: 390.0pt x 32.87784pt.

! LaTeX Error: There's no line here to end.

See the LaTeX manual or LaTeX Companion for explanation.
Type  H <return>  for immediate help.
 ...                                              
                                                  
l.148 d
       ove $X_i$ rappresenta lo stato del sistema al tempo $i$. \\
Your command was ignored.
Type  I <command> <return>  to replace it with another command,
or  <return>  to continue without it.

[5

 </Users/leonardoangellotti/Desktop/tesi latex/immagini/markov1.png>]
</Users/leonardoangellotti/Desktop/tesi latex/immagini/markov2.png, id=202, 132
.495pt x 94.3525pt>
File: /Users/leonardoangellotti/Desktop/tesi latex/immagini/markov2.png Graphic
 file (type png)
<use /Users/leonardoangellotti/Desktop/tesi latex/immagini/markov2.png>
Package pdftex.def Info: /Users/leonardoangellotti/Desktop/tesi latex/immagini/
markov2.png  used on input line 156.
(pdftex.def)             Requested size: 77.99881pt x 55.5451pt.

Underfull \hbox (badness 10000) in paragraph at lines 166--174

 []


Underfull \hbox (badness 10000) in paragraph at lines 166--174

 []

</Users/leonardoangellotti/Desktop/tesi latex/immagini/music phrase.png, id=203
, 573.64313pt x 104.89188pt>
File: /Users/leonardoangellotti/Desktop/tesi latex/immagini/music phrase.png Gr
aphic file (type png)
<use /Users/leonardoangellotti/Desktop/tesi latex/immagini/music phrase.png>
Package pdftex.def Info: /Users/leonardoangellotti/Desktop/tesi latex/immagini/
music phrase.png  used on input line 180.
(pdftex.def)             Requested size: 390.0pt x 71.31432pt.
[6{/usr/local/texlive/2024/texmf-dist/fonts/enc/dvips/cm-super/cm-super-ts1.enc
} </Users/leonardoangellotti/Desktop/tesi latex/immagini/markov2.png>]
Underfull \hbox (badness 10000) in paragraph at lines 187--197

 []


Underfull \hbox (badness 10000) in paragraph at lines 187--197

 []

</Users/leonardoangellotti/Desktop/tesi latex/immagini/note duration.png, id=21
1, 1590.94376pt x 962.59625pt>
File: /Users/leonardoangellotti/Desktop/tesi latex/immagini/note duration.png G
raphic file (type png)
<use /Users/leonardoangellotti/Desktop/tesi latex/immagini/note duration.png>
Package pdftex.def Info: /Users/leonardoangellotti/Desktop/tesi latex/immagini/
note duration.png  used on input line 201.
(pdftex.def)             Requested size: 390.0pt x 235.963pt.
[7
pdfTeX warning (ext4): destination with the same identifier (name{figure.2.1}) 
has been already used, duplicate ignored
<argument> ...shipout:D \box_use:N \l_shipout_box 
                                                  \__shipout_drop_firstpage_...
l.205 
       </Users/leonardoangellotti/Desktop/tesi latex/immagini/music phrase.png>
]
</Users/leonardoangellotti/Desktop/tesi latex/immagini/dynamics.png, id=218, 33
9.2675pt x 239.89626pt>
File: /Users/leonardoangellotti/Desktop/tesi latex/immagini/dynamics.png Graphi
c file (type png)
<use /Users/leonardoangellotti/Desktop/tesi latex/immagini/dynamics.png>
Package pdftex.def Info: /Users/leonardoangellotti/Desktop/tesi latex/immagini/
dynamics.png  used on input line 213.
(pdftex.def)             Requested size: 195.0pt x 137.88435pt.

Underfull \hbox (badness 10000) in paragraph at lines 220--231

 []


Underfull \hbox (badness 10000) in paragraph at lines 220--231

 []

[8
pdfTeX warning (ext4): destination with the same identifier (name{figure.2.2}) 
has been already used, duplicate ignored
<argument> ...shipout:D \box_use:N \l_shipout_box 
                                                  \__shipout_drop_firstpage_...
l.231 
      
pdfTeX warning (ext4): destination with the same identifier (name{figure.2.3}) 
has been already used, duplicate ignored
<argument> ...shipout:D \box_use:N \l_shipout_box 
                                                  \__shipout_drop_firstpage_...
l.231 
       </Users/leonardoangellotti/Desktop/tesi latex/immagini/note duration.png
> </Users/leonardoangellotti/Desktop/tesi latex/immagini/dynamics.png>]
Underfull \hbox (badness 10000) in paragraph at lines 245--260

 []


Underfull \hbox (badness 10000) in paragraph at lines 245--260

 []


Underfull \hbox (badness 10000) in paragraph at lines 245--260

 []


Underfull \hbox (badness 10000) in paragraph at lines 245--260

 []

[9]
</Users/leonardoangellotti/Desktop/tesi latex/immagini/midi.png, id=232, 874.26
625pt x 383.4325pt>
File: /Users/leonardoangellotti/Desktop/tesi latex/immagini/midi.png Graphic fi
le (type png)
<use /Users/leonardoangellotti/Desktop/tesi latex/immagini/midi.png>
Package pdftex.def Info: /Users/leonardoangellotti/Desktop/tesi latex/immagini/
midi.png  used on input line 269.
(pdftex.def)             Requested size: 390.0pt x 171.04524pt.


LaTeX Warning: `!h' float specifier changed to `!ht'.

[10] [11
pdfTeX warning (ext4): destination with the same identifier (name{figure.2.4}) 
has been already used, duplicate ignored
<argument> ...shipout:D \box_use:N \l_shipout_box 
                                                  \__shipout_drop_firstpage_...
l.274 \chapter
              {Metodi di generazione} </Users/leonardoangellotti/Desktop/tesi l
atex/immagini/midi.png>]
Chapter 3.

Underfull \hbox (badness 10000) in paragraph at lines 278--312

 []


Underfull \hbox (badness 10000) in paragraph at lines 278--312

 []


Overfull \hbox (25.15402pt too wide) in paragraph at lines 278--312
\OT1/cmr/m/n/12 Un al-tro prob-lema nell'uso delle catene di Markov risiede nel
l'eccessiva somiglianza
 []


Underfull \hbox (badness 10000) in paragraph at lines 278--312

 []


Underfull \hbox (badness 10000) in paragraph at lines 278--312

 []


Overfull \hbox (4.14313pt too wide) in paragraph at lines 278--312
\OT1/cmr/m/n/12 Comporre una melo-dia mono-fon-ica pu^^Ro sem-brare un com-pito
 sem-plice rispetto
 []


Underfull \hbox (badness 10000) in paragraph at lines 278--312

 []


Overfull \hbox (7.01906pt too wide) in paragraph at lines 278--312
\OT1/cmr/m/n/12 (GA) nella com-po-sizione mu-si-cale, af-frontano il prob-lema 
del "\OT1/cmr/bx/n/12 interpolazione
 []


Underfull \hbox (badness 10000) in paragraph at lines 278--312

 []


Underfull \hbox (badness 10000) in paragraph at lines 278--312

 []

[12

] [13]
Underfull \hbox (badness 10000) in paragraph at lines 315--331

 []


Underfull \hbox (badness 10000) in paragraph at lines 315--331

 []


Underfull \hbox (badness 10000) in paragraph at lines 315--331

 []


Underfull \hbox (badness 10000) in paragraph at lines 315--331

 []


Underfull \hbox (badness 10000) in paragraph at lines 334--342

 []


Overfull \hbox (26.43318pt too wide) in paragraph at lines 334--342
\OT1/cmr/m/n/12 Brevi fram-menti di schemi rit-mici for-mano gli el-e-menti cro
-mo-somici nell'algoritmo;
 []


Underfull \hbox (badness 10000) in paragraph at lines 334--342

 []


Overfull \hbox (0.67511pt too wide) in paragraph at lines 334--342
\OT1/cmr/m/n/12 Un al-go-ritmo ge-netico ^^Re stato im-ple-men-tato an-che da A
riza (2002), generando
 []

[14]
Overfull \hbox (3.78203pt too wide) in paragraph at lines 347--358
\OT1/cmr/m/n/12 L'ambito del prob-lema definisce esat-ta-mente quale tipo di \m
u-sica" si desidera
 []


Underfull \hbox (badness 10000) in paragraph at lines 347--358

 []


Overfull \hbox (4.7959pt too wide) in paragraph at lines 347--358
\OT1/cmr/m/n/12 rap-p-re-sentino brani mu-si-cali nel do-minio desider-ato, cos
a rende uno \migliore"
 []


Underfull \hbox (badness 10000) in paragraph at lines 347--358

 []

[15]
Underfull \hbox (badness 10000) in paragraph at lines 361--381

 []


Underfull \hbox (badness 10000) in paragraph at lines 361--381

 []


Underfull \hbox (badness 10000) in paragraph at lines 361--381

 []


Underfull \hbox (badness 10000) in paragraph at lines 361--381

 []

[16]
Underfull \hbox (badness 10000) in paragraph at lines 382--392

 []


Underfull \hbox (badness 10000) in paragraph at lines 382--392

 []


Underfull \hbox (badness 10000) in paragraph at lines 395--429

 []


Underfull \hbox (badness 10000) in paragraph at lines 395--429

 []


Underfull \hbox (badness 10000) in paragraph at lines 395--429

 []


Underfull \hbox (badness 10000) in paragraph at lines 395--429

 []


Underfull \hbox (badness 10000) in paragraph at lines 395--429

 []


Underfull \hbox (badness 10000) in paragraph at lines 395--429

 []


Underfull \hbox (badness 10000) in paragraph at lines 395--429

 []


Underfull \hbox (badness 10000) in paragraph at lines 395--429

 []


Underfull \hbox (badness 10000) in paragraph at lines 395--429

 []


Underfull \hbox (badness 10000) in paragraph at lines 395--429

 []

[17] [18]
</Users/leonardoangellotti/Desktop/tesi latex/immagini/L-system.png, id=273, 53
4.49687pt x 232.36812pt>
File: /Users/leonardoangellotti/Desktop/tesi latex/immagini/L-system.png Graphi
c file (type png)
<use /Users/leonardoangellotti/Desktop/tesi latex/immagini/L-system.png>
Package pdftex.def Info: /Users/leonardoangellotti/Desktop/tesi latex/immagini/
L-system.png  used on input line 441.
(pdftex.def)             Requested size: 390.0pt x 169.5564pt.
 [19
pdfTeX warning (ext4): destination with the same identifier (name{figure.3.1}) 
has been already used, duplicate ignored
<argument> ...shipout:D \box_use:N \l_shipout_box 
                                                  \__shipout_drop_firstpage_...
l.452 \chapter
              {progetto di musica genetica} </Users/leonardoangellotti/Desktop/
tesi latex/immagini/L-system.png>]
Chapter 4.
(/usr/local/texlive/2024/texmf-dist/tex/latex/listings/lstlang1.sty
File: lstlang1.sty 2024/02/21 1.10 listings language file
)
! You can't use `macro parameter character #' in horizontal mode.
l.468 ...la quale verrà costruita la scala (C, C#
                                                  , D, D#, E, F, F#, G, G#, ...
Sorry, but I'm not programmed to handle this case;
I'll just pretend that you didn't ask for it.
If you're in the wrong mode, you might be able to
return to the right one by typing `I}' or `I$' or `I\par'.

! You can't use `macro parameter character #' in horizontal mode.
l.468 ...e verrà costruita la scala (C, C#, D, D#
                                                  , E, F, F#, G, G#, A, A#, ...
Sorry, but I'm not programmed to handle this case;
I'll just pretend that you didn't ask for it.
If you're in the wrong mode, you might be able to
return to the right one by typing `I}' or `I$' or `I\par'.

! You can't use `macro parameter character #' in horizontal mode.
l.468 ...ostruita la scala (C, C#, D, D#, E, F, F#
                                                  , G, G#, A, A#, B) \\
Sorry, but I'm not programmed to handle this case;
I'll just pretend that you didn't ask for it.
If you're in the wrong mode, you might be able to
return to the right one by typing `I}' or `I$' or `I\par'.

! You can't use `macro parameter character #' in horizontal mode.
l.468 ...a la scala (C, C#, D, D#, E, F, F#, G, G#
                                                  , A, A#, B) \\
Sorry, but I'm not programmed to handle this case;
I'll just pretend that you didn't ask for it.
If you're in the wrong mode, you might be able to
return to the right one by typing `I}' or `I$' or `I\par'.

! You can't use `macro parameter character #' in horizontal mode.
l.468 ...ala (C, C#, D, D#, E, F, F#, G, G#, A, A#
                                                  , B) \\
Sorry, but I'm not programmed to handle this case;
I'll just pretend that you didn't ask for it.
If you're in the wrong mode, you might be able to
return to the right one by typing `I}' or `I$' or `I\par'.


Underfull \hbox (badness 10000) in paragraph at lines 465--473

 []


Underfull \hbox (badness 10000) in paragraph at lines 465--473

 []

[20

]

Package hyperref Warning: Difference (2) between bookmark levels is greater 
(hyperref)                than one, level fixed on input line 485.

[21]
! Missing $ inserted.
<inserted text> 
                $
l.532 ...punteggio più alto) viene chiamato best_
                                                  genome.mid.
I've inserted a begin-math/end-math symbol since I think
you left one out. Proceed, with fingers crossed.

! Missing $ inserted.
<inserted text> 
                $
l.533 
      
I've inserted a begin-math/end-math symbol since I think
you left one out. Proceed, with fingers crossed.


Overfull \hbox (30.78456pt too wide) in paragraph at lines 525--533
\OT1/cmr/m/n/12 Al ter-mine del nu-mero mas-simo di gen-er-azioni (pre-fis-sato
, MAX-GENERATIONS),
 []


Overfull \hbox (2.74751pt too wide) in paragraph at lines 525--533
\OT1/cmr/m/n/12 Il migliore tra questi (con pun-teg-gio pi^^Ru alto) viene chia
m-ato best$[]\OML/cmm/m/it/12 enome:mid:$ 
 []

[22]
Underfull \hbox (badness 10000) in paragraph at lines 566--593

 []


Underfull \hbox (badness 10000) in paragraph at lines 566--593

 []


Underfull \hbox (badness 10000) in paragraph at lines 566--593

 []


Underfull \hbox (badness 10000) in paragraph at lines 566--593

 []

[23] [24]
Overfull \hbox (9.30002pt too wide) in paragraph at lines 629--636
\OT1/cmr/m/n/12 Ogni pun-teg-gio com-po-nente (smooth-nessS-core, restScore, ha
r-monyScore) viene
 []


Underfull \hbox (badness 10000) in paragraph at lines 629--636

 []

</Users/leonardoangellotti/Desktop/università/terzo anno/tesi/MusicGeneticAlg
orithm-main/genetic_music/final results rock/results/setting.png, id=360, 280.0
4625pt x 183.68625pt>
File: /Users/leonardoangellotti/Desktop/università/terzo anno/tesi/MusicGenet
icAlgorithm-main/genetic_music/final results rock/results/setting.png Graphic f
ile (type png)
<use /Users/leonardoangellotti/Desktop/università/terzo anno/tesi/MusicGeneti
cAlgorithm-main/genetic_music/final results rock/results/setting.png>
Package pdftex.def Info: /Users/leonardoangellotti/Desktop/università/terzo a
nno/tesi/MusicGeneticAlgorithm-main/genetic_music/final results rock/results/se
tting.png  used on input line 645.
(pdftex.def)             Requested size: 195.0pt x 127.9096pt.
[25]
</Users/leonardoangellotti/Desktop/università/terzo anno/tesi/MusicGeneticAlg
orithm-main/genetic_music/final results rock/results/scores.png, id=376, 1791.6
9376pt x 1024.82875pt>
File: /Users/leonardoangellotti/Desktop/università/terzo anno/tesi/MusicGenet
icAlgorithm-main/genetic_music/final results rock/results/scores.png Graphic fi
le (type png)
<use /Users/leonardoangellotti/Desktop/università/terzo anno/tesi/MusicGeneti
cAlgorithm-main/genetic_music/final results rock/results/scores.png>
Package pdftex.def Info: /Users/leonardoangellotti/Desktop/università/terzo a
nno/tesi/MusicGeneticAlgorithm-main/genetic_music/final results rock/results/sc
ores.png  used on input line 655.
(pdftex.def)             Requested size: 390.0pt x 223.07047pt.
 [26
pdfTeX warning (ext4): destination with the same identifier (name{figure.4.1}) 
has been already used, duplicate ignored
<argument> ...shipout:D \box_use:N \l_shipout_box 
                                                  \__shipout_drop_firstpage_...
l.665 
      
pdfTeX warning (ext4): destination with the same identifier (name{figure.4.2}) 
has been already used, duplicate ignored
<argument> ...shipout:D \box_use:N \l_shipout_box 
                                                  \__shipout_drop_firstpage_...
l.665 
       </Users/leonardoangellotti/Desktop/università/terzo anno/tesi/MusicGen
eticAlgorithm-main/genetic_music/final results rock/results/setting.png> </User
s/leonardoangellotti/Desktop/università/terzo anno/tesi/MusicGeneticAlgorithm
-main/genetic_music/final results rock/results/scores.png>]
</Users/leonardoangellotti/Desktop/università/terzo anno/tesi/MusicGeneticAlg
orithm-main/genetic_music/final results rock/results/MIDI.png, id=385, 1198.477
5pt x 1028.84375pt>
File: /Users/leonardoangellotti/Desktop/università/terzo anno/tesi/MusicGenet
icAlgorithm-main/genetic_music/final results rock/results/MIDI.png Graphic file
 (type png)
<use /Users/leonardoangellotti/Desktop/università/terzo anno/tesi/MusicGeneti
cAlgorithm-main/genetic_music/final results rock/results/MIDI.png>
Package pdftex.def Info: /Users/leonardoangellotti/Desktop/università/terzo a
nno/tesi/MusicGeneticAlgorithm-main/genetic_music/final results rock/results/MI
DI.png  used on input line 669.
(pdftex.def)             Requested size: 390.0pt x 334.79413pt.

Underfull \hbox (badness 10000) in paragraph at lines 674--696

 []


Overfull \hbox (2.63759pt too wide) in paragraph at lines 674--696
\OT1/cmr/m/n/12 Non ^^Re pre-sente nem-meno il clas-sico schema delle can-zoni 
pop: verso-ritornello-
 []


Underfull \hbox (badness 10000) in paragraph at lines 674--696

 []


Underfull \hbox (badness 10000) in paragraph at lines 674--696

 []

[27
pdfTeX warning (ext4): destination with the same identifier (name{figure.4.3}) 
has been already used, duplicate ignored
<argument> ...shipout:D \box_use:N \l_shipout_box 
                                                  \__shipout_drop_firstpage_...
l.696 
       </Users/leonardoangellotti/Desktop/università/terzo anno/tesi/MusicGen
eticAlgorithm-main/genetic_music/final results rock/results/MIDI.png>]
</Users/leonardoangellotti/Desktop/università/terzo anno/tesi/MusicGeneticAlg
orithm-main/genetic_music/final results rock/results/ableton_settings.png, id=3
92, 410.53375pt x 196.735pt>
File: /Users/leonardoangellotti/Desktop/università/terzo anno/tesi/MusicGenet
icAlgorithm-main/genetic_music/final results rock/results/ableton_settings.png 
Graphic file (type png)
<use /Users/leonardoangellotti/Desktop/università/terzo anno/tesi/MusicGeneti
cAlgorithm-main/genetic_music/final results rock/results/ableton_settings.png>
Package pdftex.def Info: /Users/leonardoangellotti/Desktop/università/terzo a
nno/tesi/MusicGeneticAlgorithm-main/genetic_music/final results rock/results/ab
leton_settings.png  used on input line 700.
(pdftex.def)             Requested size: 234.00238pt x 112.1371pt.


LaTeX Warning: `!h' float specifier changed to `!ht'.


Underfull \hbox (badness 10000) in paragraph at lines 705--726

 []


Underfull \hbox (badness 10000) in paragraph at lines 705--726

 []


Underfull \hbox (badness 10000) in paragraph at lines 705--726

 []


Overfull \hbox (34.48448pt too wide) in paragraph at lines 705--726
\OT1/cmr/m/n/12 Weight, rest-Weight, har-mony-Weight) o im-ple-men-tando un sis
-tema nell'assegnazione
 []

[28] [29
pdfTeX warning (ext4): destination with the same identifier (name{figure.4.4}) 
has been already used, duplicate ignored
<argument> ...shipout:D \box_use:N \l_shipout_box 
                                                  \__shipout_drop_firstpage_...
l.726 
       </Users/leonardoangellotti/Desktop/università/terzo anno/tesi/MusicGen
eticAlgorithm-main/genetic_music/final results rock/results/ableton_settings.pn
g>] [30]
Chapter 5.

Overfull \hbox (9.88335pt too wide) in paragraph at lines 729--742
\OT1/cmr/m/n/12 Modelli statis-tici all'avanguardia, tec-niche di ot-timiz-zazi
one avan-zate, database
 []


Underfull \hbox (badness 10000) in paragraph at lines 729--742

 []


Underfull \hbox (badness 10000) in paragraph at lines 729--742

 []

[31

] [32]
Appendix A.
[33

]
Appendix B.
(./musica_generativa.bbl [34

]) [35

] (./musica_generativa.aux)
 ***********
LaTeX2e <2023-11-01> patch level 1
L3 programming layer <2024-02-20>
 ***********


LaTeX Warning: There were multiply-defined labels.

Package rerunfilecheck Info: File `musica_generativa.out' has not changed.
(rerunfilecheck)             Checksum: DD9B026A907DDD8DDB25C63B9723DDDA;4074.
 ) 
Here is how much of TeX's memory you used:
 11169 strings out of 474116
 179275 string characters out of 5743683
 2068187 words of memory out of 5000000
 33273 multiletter control sequences out of 15000+600000
 565333 words of font info for 60 fonts, out of 8000000 for 9000
 1141 hyphenation exceptions out of 8191
 75i,6n,79p,486b,1994s stack positions out of 10000i,1000n,20000p,200000b,200000s
</usr/local/texlive/2024/texmf-dist/fonts/type1/public/amsfonts/cm/cmbx12.pfb
></usr/local/texlive/2024/texmf-dist/fonts/type1/public/amsfonts/cm/cmcsc10.pfb
></usr/local/texlive/2024/texmf-dist/fonts/type1/public/amsfonts/cm/cmmi12.pfb>
</usr/local/texlive/2024/texmf-dist/fonts/type1/public/amsfonts/cm/cmmi8.pfb></
usr/local/texlive/2024/texmf-dist/fonts/type1/public/amsfonts/cm/cmr12.pfb></us
r/local/texlive/2024/texmf-dist/fonts/type1/public/amsfonts/cm/cmr6.pfb></usr/l
ocal/texlive/2024/texmf-dist/fonts/type1/public/amsfonts/cm/cmti12.pfb></usr/lo
cal/texlive/2024/texmf-dist/fonts/type1/public/amsfonts/cm/cmtt12.pfb></usr/loc
al/texlive/2024/texmf-dist/fonts/type1/public/cm-super/sfrm1200.pfb>
Output written on musica_generativa.pdf (36 pages, 2300342 bytes).
PDF statistics:
 510 PDF objects out of 1000 (max. 8388607)
 425 compressed objects within 5 object streams
 146 named destinations out of 1000 (max. 500000)
 293 words of extra memory for PDF output out of 10000 (max. 10000000)

