\BOOKMARK [0][-]{chapter.1}{\376\377\000I\000n\000t\000r\000o\000d\000u\000z\000i\000o\000n\000e}{}% 1
\BOOKMARK [0][-]{chapter.2}{\376\377\000N\000o\000z\000i\000o\000n\000i\000\040\000d\000i\000\040\000B\000a\000s\000e}{}% 2
\BOOKMARK [1][-]{section.2.1}{\376\377\000n\000o\000z\000i\000o\000n\000i\000\040\000a\000l\000g\000o\000r\000i\000t\000m\000i\000c\000h\000e}{chapter.2}% 3
\BOOKMARK [2][-]{subsection.2.1.1}{\376\377\000f\000i\000t\000n\000e\000s\000s\000-\000f\000u\000n\000c\000t\000i\000o\000n}{section.2.1}% 4
\BOOKMARK [2][-]{subsection.2.1.2}{\376\377\000m\000o\000d\000e\000l\000l\000o\000\040\000m\000a\000r\000k\000o\000v\000i\000a\000n\000o}{section.2.1}% 5
\BOOKMARK [2][-]{subsection.2.1.3}{\376\377\000a\000r\000t\000i\000f\000i\000c\000i\000a\000l\000\040\000n\000e\000u\000r\000a\000l\000\040\000n\000e\000t\000w\000o\000r\000k}{section.2.1}% 6
\BOOKMARK [1][-]{section.2.2}{\376\377\000n\000o\000z\000i\000o\000n\000i\000\040\000m\000u\000s\000i\000c\000a\000l\000i}{chapter.2}% 7
\BOOKMARK [2][-]{subsection.2.2.1}{\376\377\000C\000a\000r\000a\000t\000t\000e\000r\000i\000s\000t\000i\000c\000h\000e\000\040\000d\000i\000\040\000u\000n\000a\000\040\000N\000o\000t\000a\000\040\000M\000u\000s\000i\000c\000a\000l\000e}{section.2.2}% 8
\BOOKMARK [2][-]{subsection.2.2.2}{\376\377\000s\000c\000a\000l\000a\000\040\000a\000r\000m\000o\000n\000i\000c\000a}{section.2.2}% 9
\BOOKMARK [2][-]{subsection.2.2.3}{\376\377\000m\000e\000l\000o\000d\000i\000a}{section.2.2}% 10
\BOOKMARK [2][-]{subsection.2.2.4}{\376\377\000a\000c\000c\000o\000r\000d\000i}{section.2.2}% 11
\BOOKMARK [1][-]{section.2.3}{\376\377\000F\000i\000l\000e\000\040\000M\000I\000D\000I}{chapter.2}% 12
\BOOKMARK [0][-]{chapter.3}{\376\377\000M\000e\000t\000o\000d\000i\000\040\000d\000i\000\040\000g\000e\000n\000e\000r\000a\000z\000i\000o\000n\000e}{}% 13
\BOOKMARK [1][-]{section.3.1}{\376\377\000g\000e\000n\000e\000r\000a\000z\000i\000o\000n\000e\000\040\000m\000e\000l\000o\000d\000i\000a}{chapter.3}% 14
\BOOKMARK [2][-]{subsection.3.1.1}{\376\377\000a\000r\000m\000o\000n\000i\000a}{section.3.1}% 15
\BOOKMARK [2][-]{subsection.3.1.2}{\376\377\000r\000i\000t\000m\000o}{section.3.1}% 16
\BOOKMARK [1][-]{section.3.2}{\376\377\000A\000l\000g\000o\000r\000i\000t\000m\000o\000\040\000G\000e\000n\000e\000t\000i\000c\000o}{chapter.3}% 17
\BOOKMARK [2][-]{subsection.3.2.1}{\376\377\000m\000u\000s\000i\000c\000a\000\040\000e\000v\000o\000l\000u\000t\000i\000v\000a}{section.3.2}% 18
\BOOKMARK [2][-]{subsection.3.2.2}{\376\377\000P\000r\000i\000m\000e\000\040\000a\000p\000p\000l\000i\000c\000a\000z\000i\000o\000n\000i\000\040\000d\000e\000l\000l\000'\000E\000C\000\040\000a\000l\000l\000a\000\040\000m\000u\000s\000i\000c\000a}{section.3.2}% 19
\BOOKMARK [1][-]{section.3.3}{\376\377\000L\000-\000S\000y\000s\000t\000e\000m}{chapter.3}% 20
\BOOKMARK [0][-]{chapter.4}{\376\377\000p\000r\000o\000g\000e\000t\000t\000o\000\040\000d\000i\000\040\000m\000u\000s\000i\000c\000a\000\040\000g\000e\000n\000e\000t\000i\000c\000a}{}% 21
\BOOKMARK [1][-]{subsection.4.0.1}{\376\377\000R\000u\000n\000-\000E\000v\000o\000l\000u\000t\000i\000o\000n}{chapter.4}% 22
\BOOKMARK [2][-]{subsection.4.0.2}{\376\377\000f\000i\000t\000n\000e\000s\000s\000-\000f\000u\000n\000c\000t\000i\000o\000n}{subsection.4.0.1}% 23
\BOOKMARK [2][-]{subsection.4.0.3}{\376\377\000r\000i\000s\000u\000l\000t\000a\000t\000i}{subsection.4.0.1}% 24
\BOOKMARK [0][-]{chapter.5}{\376\377\000C\000o\000n\000c\000l\000u\000s\000i\000o\000n\000i}{}% 25
\BOOKMARK [0][-]{appendix.A}{\376\377\000A\000p\000p\000e\000n\000d\000i\000c\000e\000\040\000A}{}% 26
\BOOKMARK [1][-]{section.A.1}{\376\377\000D\000e\000t\000t\000a\000g\000l\000i\000\040\000a\000g\000g\000i\000u\000n\000t\000i\000v\000i}{appendix.A}% 27
\BOOKMARK [0][-]{appendix.B}{\376\377\000A\000p\000p\000e\000n\000d\000i\000c\000e\000\040\000B}{}% 28
\BOOKMARK [1][-]{section.B.1}{\376\377\000A\000l\000t\000r\000o\000\040\000m\000a\000t\000e\000r\000i\000a\000l\000e\000\040\000s\000u\000p\000p\000l\000e\000m\000e\000n\000t\000a\000r\000e}{appendix.B}% 29
